<?xml version="1.0" encoding="UTF-8"?>
<testsuite xmlns:xsi="http://www.w3.org/2001/XMLSchema-instance" xsi:noNamespaceSchemaLocation="https://maven.apache.org/surefire/maven-surefire-plugin/xsd/surefire-test-report-3.0.xsd" version="3.0" name="com.fplService.databaseConnection.FplDatabaseConnectorTest" time="0" tests="1" errors="0" skipped="0" failures="0">
  <properties>
    <property name="java.specification.version" value="20"/>
    <property name="sun.jnu.encoding" value="UTF-8"/>
    <property name="java.class.path" value="/Users/calumjackson/Documents/Coding/FPL_Service/target/test-classes:/Users/calumjackson/Documents/Coding/FPL_Service/target/classes:/Users/calumjackson/.m2/repository/com/squareup/okhttp3/okhttp/4.9.2/okhttp-4.9.2.jar:/Users/calumjackson/.m2/repository/com/squareup/okio/okio/2.8.0/okio-2.8.0.jar:/Users/calumjackson/.m2/repository/org/jetbrains/kotlin/kotlin-stdlib/1.4.10/kotlin-stdlib-1.4.10.jar:/Users/calumjackson/.m2/repository/org/jetbrains/annotations/13.0/annotations-13.0.jar:/Users/calumjackson/.m2/repository/org/slf4j/slf4j-reload4j/2.0.7/slf4j-reload4j-2.0.7.jar:/Users/calumjackson/.m2/repository/org/slf4j/slf4j-api/2.0.7/slf4j-api-2.0.7.jar:/Users/calumjackson/.m2/repository/ch/qos/reload4j/reload4j/1.2.22/reload4j-1.2.22.jar:/Users/calumjackson/.m2/repository/org/jetbrains/kotlin/kotlin-stdlib-common/1.4.10/kotlin-stdlib-common-1.4.10.jar:/Users/calumjackson/.m2/repository/org/apache/kafka/kafka-clients/3.4.0/kafka-clients-3.4.0.jar:/Users/calumjackson/.m2/repository/com/github/luben/zstd-jni/1.5.2-1/zstd-jni-1.5.2-1.jar:/Users/calumjackson/.m2/repository/org/lz4/lz4-java/1.8.0/lz4-java-1.8.0.jar:/Users/calumjackson/.m2/repository/org/xerial/snappy/snappy-java/1.1.8.4/snappy-java-1.1.8.4.jar:/Users/calumjackson/.m2/repository/com/fasterxml/jackson/core/jackson-databind/2.15.0-rc1/jackson-databind-2.15.0-rc1.jar:/Users/calumjackson/.m2/repository/com/fasterxml/jackson/core/jackson-annotations/2.15.0-rc1/jackson-annotations-2.15.0-rc1.jar:/Users/calumjackson/.m2/repository/com/fasterxml/jackson/core/jackson-core/2.15.0-rc1/jackson-core-2.15.0-rc1.jar:/Users/calumjackson/.m2/repository/com/google/code/gson/gson/2.9.0/gson-2.9.0.jar:/Users/calumjackson/.m2/repository/org/json/json/20220320/json-20220320.jar:/Users/calumjackson/.m2/repository/org/postgresql/postgresql/42.6.0/postgresql-42.6.0.jar:/Users/calumjackson/.m2/repository/org/checkerframework/checker-qual/3.31.0/checker-qual-3.31.0.jar:/Users/calumjackson/.m2/repository/junit/junit/4.13.2/junit-4.13.2.jar:/Users/calumjackson/.m2/repository/org/hamcrest/hamcrest-core/1.3/hamcrest-core-1.3.jar:/Users/calumjackson/.m2/repository/org/mockito/mockito-core/5.3.1/mockito-core-5.3.1.jar:/Users/calumjackson/.m2/repository/net/bytebuddy/byte-buddy/1.14.4/byte-buddy-1.14.4.jar:/Users/calumjackson/.m2/repository/net/bytebuddy/byte-buddy-agent/1.14.4/byte-buddy-agent-1.14.4.jar:/Users/calumjackson/.m2/repository/org/objenesis/objenesis/3.3/objenesis-3.3.jar:"/>
    <property name="java.vm.vendor" value="Homebrew"/>
    <property name="sun.arch.data.model" value="64"/>
    <property name="java.vendor.url" value="https://github.com/Homebrew/homebrew-core/issues"/>
    <property name="user.timezone" value="Europe/London"/>
    <property name="os.name" value="Mac OS X"/>
    <property name="java.vm.specification.version" value="20"/>
    <property name="sun.java.launcher" value="SUN_STANDARD"/>
    <property name="user.country" value="GB"/>
    <property name="sun.boot.library.path" value="/opt/homebrew/Cellar/openjdk/20/libexec/openjdk.jdk/Contents/Home/lib"/>
    <property name="sun.java.command" value="/Users/calumjackson/Documents/Coding/FPL_Service/target/surefire/surefirebooter-20230510200810809_3.jar /Users/calumjackson/Documents/Coding/FPL_Service/target/surefire 2023-05-10T20-08-10_184-jvmRun1 surefire-20230510200810809_1tmp surefire_0-20230510200810809_2tmp"/>
    <property name="http.nonProxyHosts" value="local|*.local|169.254/16|*.169.254/16"/>
    <property name="jdk.debug" value="release"/>
    <property name="surefire.test.class.path" value="/Users/calumjackson/Documents/Coding/FPL_Service/target/test-classes:/Users/calumjackson/Documents/Coding/FPL_Service/target/classes:/Users/calumjackson/.m2/repository/com/squareup/okhttp3/okhttp/4.9.2/okhttp-4.9.2.jar:/Users/calumjackson/.m2/repository/com/squareup/okio/okio/2.8.0/okio-2.8.0.jar:/Users/calumjackson/.m2/repository/org/jetbrains/kotlin/kotlin-stdlib/1.4.10/kotlin-stdlib-1.4.10.jar:/Users/calumjackson/.m2/repository/org/jetbrains/annotations/13.0/annotations-13.0.jar:/Users/calumjackson/.m2/repository/org/slf4j/slf4j-reload4j/2.0.7/slf4j-reload4j-2.0.7.jar:/Users/calumjackson/.m2/repository/org/slf4j/slf4j-api/2.0.7/slf4j-api-2.0.7.jar:/Users/calumjackson/.m2/repository/ch/qos/reload4j/reload4j/1.2.22/reload4j-1.2.22.jar:/Users/calumjackson/.m2/repository/org/jetbrains/kotlin/kotlin-stdlib-common/1.4.10/kotlin-stdlib-common-1.4.10.jar:/Users/calumjackson/.m2/repository/org/apache/kafka/kafka-clients/3.4.0/kafka-clients-3.4.0.jar:/Users/calumjackson/.m2/repository/com/github/luben/zstd-jni/1.5.2-1/zstd-jni-1.5.2-1.jar:/Users/calumjackson/.m2/repository/org/lz4/lz4-java/1.8.0/lz4-java-1.8.0.jar:/Users/calumjackson/.m2/repository/org/xerial/snappy/snappy-java/1.1.8.4/snappy-java-1.1.8.4.jar:/Users/calumjackson/.m2/repository/com/fasterxml/jackson/core/jackson-databind/2.15.0-rc1/jackson-databind-2.15.0-rc1.jar:/Users/calumjackson/.m2/repository/com/fasterxml/jackson/core/jackson-annotations/2.15.0-rc1/jackson-annotations-2.15.0-rc1.jar:/Users/calumjackson/.m2/repository/com/fasterxml/jackson/core/jackson-core/2.15.0-rc1/jackson-core-2.15.0-rc1.jar:/Users/calumjackson/.m2/repository/com/google/code/gson/gson/2.9.0/gson-2.9.0.jar:/Users/calumjackson/.m2/repository/org/json/json/20220320/json-20220320.jar:/Users/calumjackson/.m2/repository/org/postgresql/postgresql/42.6.0/postgresql-42.6.0.jar:/Users/calumjackson/.m2/repository/org/checkerframework/checker-qual/3.31.0/checker-qual-3.31.0.jar:/Users/calumjackson/.m2/repository/junit/junit/4.13.2/junit-4.13.2.jar:/Users/calumjackson/.m2/repository/org/hamcrest/hamcrest-core/1.3/hamcrest-core-1.3.jar:/Users/calumjackson/.m2/repository/org/mockito/mockito-core/5.3.1/mockito-core-5.3.1.jar:/Users/calumjackson/.m2/repository/net/bytebuddy/byte-buddy/1.14.4/byte-buddy-1.14.4.jar:/Users/calumjackson/.m2/repository/net/bytebuddy/byte-buddy-agent/1.14.4/byte-buddy-agent-1.14.4.jar:/Users/calumjackson/.m2/repository/org/objenesis/objenesis/3.3/objenesis-3.3.jar:"/>
    <property name="sun.cpu.endian" value="little"/>
    <property name="user.home" value="/Users/calumjackson"/>
    <property name="user.language" value="en"/>
    <property name="java.specification.vendor" value="Oracle Corporation"/>
    <property name="java.version.date" value="2023-03-21"/>
    <property name="java.home" value="/opt/homebrew/Cellar/openjdk/20/libexec/openjdk.jdk/Contents/Home"/>
    <property name="file.separator" value="/"/>
    <property name="basedir" value="/Users/calumjackson/Documents/Coding/FPL_Service"/>
    <property name="java.vm.compressedOopsMode" value="Zero based"/>
    <property name="line.separator" value="&#10;"/>
    <property name="java.vm.specification.vendor" value="Oracle Corporation"/>
    <property name="java.specification.name" value="Java Platform API Specification"/>
    <property name="apple.awt.application.name" value="ForkedBooter"/>
    <property name="surefire.real.class.path" value="/Users/calumjackson/Documents/Coding/FPL_Service/target/surefire/surefirebooter-20230510200810809_3.jar"/>
    <property name="sun.management.compiler" value="HotSpot 64-Bit Tiered Compilers"/>
    <property name="ftp.nonProxyHosts" value="local|*.local|169.254/16|*.169.254/16"/>
    <property name="java.runtime.version" value="20"/>
    <property name="user.name" value="calumjackson"/>
    <property name="stdout.encoding" value="UTF-8"/>
    <property name="path.separator" value=":"/>
    <property name="os.version" value="13.1"/>
    <property name="java.runtime.name" value="OpenJDK Runtime Environment"/>
    <property name="file.encoding" value="UTF-8"/>
    <property name="java.vm.name" value="OpenJDK 64-Bit Server VM"/>
    <property name="java.vendor.version" value="Homebrew"/>
    <property name="localRepository" value="/Users/calumjackson/.m2/repository"/>
    <property name="java.vendor.url.bug" value="https://github.com/Homebrew/homebrew-core/issues"/>
    <property name="java.io.tmpdir" value="/var/folders/l1/kk86440s5sq8jmsnsxglzv0r0000gn/T/"/>
    <property name="java.version" value="20"/>
    <property name="user.dir" value="/Users/calumjackson/Documents/Coding/FPL_Service"/>
    <property name="os.arch" value="aarch64"/>
    <property name="java.vm.specification.name" value="Java Virtual Machine Specification"/>
    <property name="native.encoding" value="UTF-8"/>
    <property name="java.library.path" value="/Users/calumjackson/Library/Java/Extensions:/Library/Java/Extensions:/Network/Library/Java/Extensions:/System/Library/Java/Extensions:/usr/lib/java:."/>
    <property name="java.vm.info" value="mixed mode, sharing"/>
    <property name="stderr.encoding" value="UTF-8"/>
    <property name="java.vendor" value="Homebrew"/>
    <property name="java.vm.version" value="20"/>
    <property name="sun.io.unicode.encoding" value="UnicodeBig"/>
    <property name="socksNonProxyHosts" value="local|*.local|169.254/16|*.169.254/16"/>
    <property name="java.class.version" value="64.0"/>
  </properties>
  <testcase name="testDatabaseConnection" classname="com.fplService.databaseConnection.FplDatabaseConnectorTest" time="0"/>
</testsuite>